TN:
SF:src/DataConsumerV3.sol
FN:30,DataConsumerV3._mapAddresses
FNDA:0,DataConsumerV3._mapAddresses
DA:31,0
DA:32,0
BRDA:32,0,0,-
BRDA:32,0,1,-
DA:33,0
DA:34,0
DA:36,0
DA:40,0
FN:49,DataConsumerV3._batchQuery
FNDA:0,DataConsumerV3._batchQuery
DA:50,0
DA:51,0
DA:53,0
DA:54,0
DA:56,0
DA:59,0
FN:67,DataConsumerV3.reseizeDecimals
FNDA:0,DataConsumerV3.reseizeDecimals
DA:69,0
FN:75,DataConsumerV3.getChainlinkDataFeedLatestAnswer
FNDA:0,DataConsumerV3.getChainlinkDataFeedLatestAnswer
DA:76,0
DA:82,0
DA:83,0
FNF:4
FNH:0
LF:16
LH:0
BRF:2
BRH:0
end_of_record
TN:
SF:src/LighterFi.sol
FN:91,LighterFi.init
FNDA:0,LighterFi.init
DA:92,0
BRDA:92,0,0,-
BRDA:92,0,1,-
DA:93,0
DA:94,0
DA:95,0
DA:96,0
DA:97,0
DA:98,0
DA:99,0
FN:117,LighterFi.setUpkeepForwarders
FNDA:0,LighterFi.setUpkeepForwarders
DA:118,0
DA:119,0
FN:128,LighterFi.setPause
FNDA:0,LighterFi.setPause
DA:129,0
DA:130,0
FN:140,LighterFi.createStrategy
FNDA:0,LighterFi.createStrategy
DA:142,0
BRDA:142,1,0,-
BRDA:142,1,1,-
DA:143,0
BRDA:143,2,0,-
BRDA:143,2,1,-
DA:144,0
BRDA:144,3,0,-
BRDA:144,3,1,-
DA:145,0
BRDA:145,4,0,-
BRDA:145,4,1,-
DA:146,0
BRDA:146,5,0,-
BRDA:146,5,1,-
DA:148,0
BRDA:148,6,0,-
BRDA:148,6,1,-
DA:149,0
DA:150,0
BRDA:150,7,0,-
BRDA:150,7,1,-
DA:151,0
DA:154,0
DA:165,0
BRDA:165,8,0,-
BRDA:165,8,1,-
DA:167,0
DA:169,0
DA:172,0
DA:174,0
DA:177,0
FN:186,LighterFi.removeStrategy
FNDA:0,LighterFi.removeStrategy
DA:188,0
BRDA:188,9,0,-
BRDA:188,9,1,-
DA:190,0
DA:192,0
BRDA:192,10,0,-
BRDA:192,10,1,-
DA:194,0
DA:196,0
FN:208,LighterFi.upgradeStrategy
FNDA:0,LighterFi.upgradeStrategy
DA:210,0
BRDA:210,11,0,-
BRDA:210,11,1,-
DA:211,0
BRDA:211,12,0,-
BRDA:211,12,1,-
DA:212,0
BRDA:212,13,0,-
BRDA:212,13,1,-
DA:213,0
BRDA:213,14,0,-
BRDA:213,14,1,-
DA:214,0
BRDA:214,15,0,-
BRDA:214,15,1,-
DA:215,0
BRDA:215,16,0,-
BRDA:215,16,1,-
DA:220,0
BRDA:220,17,0,-
BRDA:220,17,1,-
DA:222,0
DA:224,0
BRDA:224,18,0,-
BRDA:224,18,1,-
DA:225,0
DA:226,0
BRDA:226,19,0,-
BRDA:226,19,1,-
DA:227,0
DA:231,0
DA:232,0
DA:233,0
BRDA:233,20,0,-
BRDA:233,20,1,-
DA:234,0
DA:235,0
DA:236,0
DA:239,0
FN:249,LighterFi.checkUpkeep
FNDA:0,LighterFi.checkUpkeep
DA:251,0
DA:252,0
DA:253,0
DA:254,0
DA:255,0
DA:256,0
DA:258,0
DA:260,0
BRDA:260,21,0,-
BRDA:260,21,1,-
DA:263,0
BRDA:263,22,0,-
BRDA:263,22,1,-
DA:264,0
DA:267,0
DA:268,0
DA:272,0
BRDA:272,23,0,-
BRDA:272,23,1,-
DA:275,0
DA:278,0
DA:279,0
DA:281,0
BRDA:281,24,0,-
BRDA:281,24,1,-
DA:282,0
FN:295,LighterFi.checkLog
FNDA:0,LighterFi.checkLog
DA:299,0
DA:300,0
FN:308,LighterFi.performUpkeep
FNDA:0,LighterFi.performUpkeep
DA:310,0
DA:311,0
BRDA:311,25,0,-
BRDA:311,25,1,-
DA:312,0
DA:314,0
DA:315,0
BRDA:315,26,0,-
BRDA:315,26,1,-
DA:316,0
DA:318,0
DA:321,0
DA:324,0
DA:325,0
DA:326,0
DA:329,0
BRDA:329,27,0,-
BRDA:329,27,1,-
DA:331,0
DA:333,0
DA:335,0
FN:343,LighterFi.sendRequest
FNDA:0,LighterFi.sendRequest
DA:344,0
DA:346,0
DA:348,0
DA:350,0
DA:352,0
DA:354,0
DA:360,0
DA:362,0
FN:371,LighterFi.fulfillRequest
FNDA:0,LighterFi.fulfillRequest
DA:378,0
DA:380,0
DA:382,0
FN:385,LighterFi.mapAddresses
FNDA:0,LighterFi.mapAddresses
DA:386,0
FNF:12
FNH:0
LF:99
LH:0
BRF:56
BRH:0
end_of_record
TN:
SF:src/Math.sol
FN:25,Math.tryAdd
FNDA:0,Math.tryAdd
DA:27,0
DA:28,0
BRDA:28,0,0,-
BRDA:28,0,1,-
DA:29,0
FN:36,Math.trySub
FNDA:0,Math.trySub
DA:38,0
BRDA:38,1,0,-
BRDA:38,1,1,-
DA:39,0
FN:46,Math.tryMul
FNDA:0,Math.tryMul
DA:51,0
BRDA:51,2,0,-
BRDA:51,2,1,-
DA:52,0
DA:53,0
BRDA:53,3,0,-
BRDA:53,3,1,-
DA:54,0
FN:61,Math.tryDiv
FNDA:0,Math.tryDiv
DA:63,0
BRDA:63,4,0,-
BRDA:63,4,1,-
DA:64,0
FN:71,Math.tryMod
FNDA:0,Math.tryMod
DA:73,0
BRDA:73,5,0,-
BRDA:73,5,1,-
DA:74,0
FN:81,Math.max
FNDA:0,Math.max
DA:82,0
FN:88,Math.min
FNDA:0,Math.min
DA:89,0
FN:96,Math.average
FNDA:0,Math.average
DA:98,0
FN:107,Math.ceilDiv
FNDA:0,Math.ceilDiv
DA:108,0
BRDA:108,6,0,-
BRDA:108,6,1,-
DA:110,0
DA:119,0
FN:129,Math.mulDiv
FNDA:0,Math.mulDiv
DA:134,0
DA:135,0
DA:138,0
DA:142,0
BRDA:142,7,0,-
BRDA:142,7,1,-
DA:146,0
DA:150,0
BRDA:150,8,0,-
BRDA:150,8,1,-
DA:151,0
DA:159,0
DA:162,0
DA:165,0
DA:166,0
DA:172,0
DA:175,0
DA:178,0
DA:181,0
DA:185,0
DA:190,0
DA:194,0
DA:195,0
DA:196,0
DA:197,0
DA:198,0
DA:199,0
DA:205,0
DA:206,0
FN:213,Math.mulDiv
FNDA:0,Math.mulDiv
DA:214,0
DA:215,0
BRDA:215,9,0,-
BRDA:215,9,1,-
DA:216,0
DA:218,0
FN:227,Math.sqrt
FNDA:0,Math.sqrt
DA:228,0
BRDA:228,10,0,-
BRDA:228,10,1,-
DA:229,0
DA:242,0
DA:249,0
DA:250,0
DA:251,0
DA:252,0
DA:253,0
DA:254,0
DA:255,0
DA:256,0
FN:263,Math.sqrt
FNDA:0,Math.sqrt
DA:265,0
DA:266,0
FN:274,Math.log2
FNDA:0,Math.log2
DA:275,0
DA:277,0
BRDA:277,11,0,-
BRDA:277,11,1,-
DA:278,0
DA:279,0
DA:281,0
BRDA:281,12,0,-
BRDA:281,12,1,-
DA:282,0
DA:283,0
DA:285,0
BRDA:285,13,0,-
BRDA:285,13,1,-
DA:286,0
DA:287,0
DA:289,0
BRDA:289,14,0,-
BRDA:289,14,1,-
DA:290,0
DA:291,0
DA:293,0
BRDA:293,15,0,-
BRDA:293,15,1,-
DA:294,0
DA:295,0
DA:297,0
BRDA:297,16,0,-
BRDA:297,16,1,-
DA:298,0
DA:299,0
DA:301,0
BRDA:301,17,0,-
BRDA:301,17,1,-
DA:302,0
DA:303,0
DA:305,0
BRDA:305,18,0,-
BRDA:305,18,1,-
DA:306,0
DA:309,0
FN:316,Math.log2
FNDA:0,Math.log2
DA:318,0
DA:319,0
FN:327,Math.log10
FNDA:0,Math.log10
DA:328,0
DA:330,0
BRDA:330,19,0,-
BRDA:330,19,1,-
DA:331,0
DA:332,0
DA:334,0
BRDA:334,20,0,-
BRDA:334,20,1,-
DA:335,0
DA:336,0
DA:338,0
BRDA:338,21,0,-
BRDA:338,21,1,-
DA:339,0
DA:340,0
DA:342,0
BRDA:342,22,0,-
BRDA:342,22,1,-
DA:343,0
DA:344,0
DA:346,0
BRDA:346,23,0,-
BRDA:346,23,1,-
DA:347,0
DA:348,0
DA:350,0
BRDA:350,24,0,-
BRDA:350,24,1,-
DA:351,0
DA:352,0
DA:354,0
BRDA:354,25,0,-
BRDA:354,25,1,-
DA:355,0
DA:358,0
FN:365,Math.log10
FNDA:0,Math.log10
DA:367,0
DA:368,0
FN:378,Math.log256
FNDA:0,Math.log256
DA:379,0
DA:381,0
BRDA:381,26,0,-
BRDA:381,26,1,-
DA:382,0
DA:383,0
DA:385,0
BRDA:385,27,0,-
BRDA:385,27,1,-
DA:386,0
DA:387,0
DA:389,0
BRDA:389,28,0,-
BRDA:389,28,1,-
DA:390,0
DA:391,0
DA:393,0
BRDA:393,29,0,-
BRDA:393,29,1,-
DA:394,0
DA:395,0
DA:397,0
BRDA:397,30,0,-
BRDA:397,30,1,-
DA:398,0
DA:401,0
FN:408,Math.log256
FNDA:0,Math.log256
DA:410,0
DA:411,0
FN:418,Math.unsignedRoundsUp
FNDA:0,Math.unsignedRoundsUp
DA:419,0
FNF:20
FNH:0
LF:131
LH:0
BRF:62
BRH:0
end_of_record
TN:
SF:src/Mocks/DataConsumerV3.sol
FN:30,DataConsumerV3._mapAddresses
FNDA:3,DataConsumerV3._mapAddresses
DA:31,523
DA:32,1310
BRDA:32,0,0,-
BRDA:32,0,1,1302
DA:33,1302
DA:34,1302
DA:36,1302
DA:40,1310
FN:49,DataConsumerV3._batchQuery
FNDA:256,DataConsumerV3._batchQuery
DA:50,772
DA:51,772
DA:53,772
DA:54,2316
DA:56,2316
DA:59,772
FN:67,DataConsumerV3.reseizeDecimals
FNDA:512,DataConsumerV3.reseizeDecimals
DA:69,2828
FN:75,DataConsumerV3.getChainlinkDataFeedLatestAnswer
FNDA:256,DataConsumerV3.getChainlinkDataFeedLatestAnswer
DA:76,2572
FNF:4
FNH:4
LF:14
LH:14
BRF:2
BRH:1
end_of_record
TN:
SF:src/Mocks/ERC20Mock.sol
FN:12,ERC.mint
FNDA:514,ERC.mint
DA:13,514
FNF:1
FNH:1
LF:1
LH:1
BRF:0
BRH:0
end_of_record
TN:
SF:src/Mocks/FunctionsClientMock.sol
FN:30,FunctionsClient._sendRequest
FNDA:0,FunctionsClient._sendRequest
DA:36,0
DA:43,0
DA:44,0
FN:55,FunctionsClient.handleOracleFulfillment
FNDA:0,FunctionsClient.handleOracleFulfillment
DA:56,0
BRDA:56,0,0,-
BRDA:56,0,1,-
DA:57,0
DA:59,0
DA:60,0
FNF:2
FNH:0
LF:7
LH:0
BRF:2
BRH:0
end_of_record
TN:
SF:src/Mocks/LighterFiMock.sol
FN:91,LighterFi.init
FNDA:264,LighterFi.init
DA:92,263
BRDA:92,0,0,1
BRDA:92,0,1,262
DA:93,262
DA:94,262
DA:95,262
DA:96,262
DA:97,262
DA:98,262
DA:99,262
FN:117,LighterFi.setUpkeepForwarders
FNDA:2,LighterFi.setUpkeepForwarders
DA:118,1
DA:119,1
FN:128,LighterFi.setPause
FNDA:5,LighterFi.setPause
DA:129,4
DA:130,4
FN:140,LighterFi.createStrategy
FNDA:271,LighterFi.createStrategy
DA:142,271
BRDA:142,1,0,1
BRDA:142,1,1,270
DA:143,270
BRDA:143,2,0,1
BRDA:143,2,1,269
DA:144,269
BRDA:144,3,0,1
BRDA:144,3,1,268
DA:145,268
BRDA:145,4,0,1
BRDA:145,4,1,267
DA:146,267
BRDA:146,5,0,1
BRDA:146,5,1,266
DA:147,266
BRDA:147,6,0,1
BRDA:147,6,1,265
DA:148,265
DA:149,265
BRDA:149,7,0,261
BRDA:149,7,1,265
DA:150,261
DA:154,265
DA:165,265
BRDA:165,8,0,1
BRDA:165,8,1,264
DA:167,264
DA:169,264
DA:172,264
DA:174,264
DA:177,264
FN:186,LighterFi.removeStrategy
FNDA:3,LighterFi.removeStrategy
DA:188,3
BRDA:188,9,0,1
BRDA:188,9,1,2
DA:190,2
DA:192,2
BRDA:192,10,0,1
BRDA:192,10,1,1
DA:194,1
DA:196,1
FN:207,LighterFi.upgradeStrategy
FNDA:11,LighterFi.upgradeStrategy
DA:209,11
BRDA:209,11,0,1
BRDA:209,11,1,10
DA:210,10
BRDA:210,12,0,1
BRDA:210,12,1,9
DA:211,9
BRDA:211,13,0,1
BRDA:211,13,1,8
DA:212,8
BRDA:212,14,0,1
BRDA:212,14,1,7
DA:213,7
BRDA:213,15,0,1
BRDA:213,15,1,6
DA:214,6
BRDA:214,16,0,1
BRDA:214,16,1,5
DA:219,5
BRDA:219,17,0,-
BRDA:219,17,1,5
DA:221,5
DA:223,5
BRDA:223,18,0,-
BRDA:223,18,1,5
DA:224,5
DA:225,5
BRDA:225,19,0,1
BRDA:225,19,1,5
DA:226,1
DA:230,5
DA:231,5
DA:232,5
BRDA:232,20,0,-
BRDA:232,20,1,5
DA:233,5
DA:234,5
DA:235,5
DA:238,5
FN:249,LighterFi.checkUpkeep
FNDA:516,LighterFi.checkUpkeep
DA:251,516
DA:252,516
DA:253,516
DA:254,516
DA:255,516
DA:256,516
DA:258,516
DA:260,516
BRDA:260,21,0,258
BRDA:260,21,1,258
DA:263,516
BRDA:263,22,0,256
BRDA:263,22,1,512
DA:264,512
DA:265,512
DA:266,512
DA:267,512
DA:268,512
DA:272,516
BRDA:272,23,0,2
BRDA:272,23,1,4
DA:275,4
DA:276,4
DA:277,4
DA:278,4
DA:279,4
DA:281,516
BRDA:281,24,0,258
BRDA:281,24,1,258
DA:282,258
FN:295,LighterFi.checkLog
FNDA:1,LighterFi.checkLog
DA:299,1
DA:300,1
FN:308,LighterFi.performUpkeep
FNDA:3,LighterFi.performUpkeep
DA:310,3
DA:311,3
BRDA:311,25,0,1
BRDA:311,25,1,1
DA:312,2
DA:314,2
DA:315,2
BRDA:315,26,0,1
BRDA:315,26,1,1
DA:316,1
DA:318,1
DA:321,2
DA:324,1
DA:325,1
DA:326,1
DA:329,1
BRDA:329,27,0,-
BRDA:329,27,1,1
DA:331,0
DA:333,0
DA:335,1
FN:343,LighterFi.sendRequest
FNDA:1,LighterFi.sendRequest
DA:344,3
DA:346,3
DA:348,3
DA:350,3
DA:352,3
DA:354,3
DA:355,3
DA:357,3
FN:366,LighterFi.fulfillRequest
FNDA:1,LighterFi.fulfillRequest
DA:373,1
DA:375,1
DA:377,1
FN:380,LighterFi.mapAddresses
FNDA:520,LighterFi.mapAddresses
DA:381,520
FNF:12
FNH:12
LF:103
LH:101
BRF:56
BRH:52
end_of_record
TN:
SF:src/Mocks/Math.sol
FN:25,Math.tryAdd
FNDA:0,Math.tryAdd
DA:27,0
DA:28,0
BRDA:28,0,0,-
BRDA:28,0,1,-
DA:29,0
FN:36,Math.trySub
FNDA:0,Math.trySub
DA:38,0
BRDA:38,1,0,-
BRDA:38,1,1,-
DA:39,0
FN:46,Math.tryMul
FNDA:0,Math.tryMul
DA:51,0
BRDA:51,2,0,-
BRDA:51,2,1,-
DA:52,0
DA:53,0
BRDA:53,3,0,-
BRDA:53,3,1,-
DA:54,0
FN:61,Math.tryDiv
FNDA:0,Math.tryDiv
DA:63,0
BRDA:63,4,0,-
BRDA:63,4,1,-
DA:64,0
FN:71,Math.tryMod
FNDA:0,Math.tryMod
DA:73,0
BRDA:73,5,0,-
BRDA:73,5,1,-
DA:74,0
FN:81,Math.max
FNDA:0,Math.max
DA:82,0
FN:88,Math.min
FNDA:0,Math.min
DA:89,0
FN:96,Math.average
FNDA:0,Math.average
DA:98,0
FN:107,Math.ceilDiv
FNDA:0,Math.ceilDiv
DA:108,0
BRDA:108,6,0,-
BRDA:108,6,1,-
DA:110,0
DA:119,0
FN:129,Math.mulDiv
FNDA:0,Math.mulDiv
DA:134,0
DA:135,0
DA:138,0
DA:142,0
BRDA:142,7,0,-
BRDA:142,7,1,-
DA:146,0
DA:150,0
BRDA:150,8,0,-
BRDA:150,8,1,-
DA:151,0
DA:159,0
DA:162,0
DA:165,0
DA:166,0
DA:172,0
DA:175,0
DA:178,0
DA:181,0
DA:185,0
DA:190,0
DA:194,0
DA:195,0
DA:196,0
DA:197,0
DA:198,0
DA:199,0
DA:205,0
DA:206,0
FN:213,Math.mulDiv
FNDA:0,Math.mulDiv
DA:214,0
DA:215,0
BRDA:215,9,0,-
BRDA:215,9,1,-
DA:216,0
DA:218,0
FN:227,Math.sqrt
FNDA:0,Math.sqrt
DA:228,0
BRDA:228,10,0,-
BRDA:228,10,1,-
DA:229,0
DA:242,0
DA:249,0
DA:250,0
DA:251,0
DA:252,0
DA:253,0
DA:254,0
DA:255,0
DA:256,0
FN:263,Math.sqrt
FNDA:0,Math.sqrt
DA:265,0
DA:266,0
FN:274,Math.log2
FNDA:0,Math.log2
DA:275,0
DA:277,0
BRDA:277,11,0,-
BRDA:277,11,1,-
DA:278,0
DA:279,0
DA:281,0
BRDA:281,12,0,-
BRDA:281,12,1,-
DA:282,0
DA:283,0
DA:285,0
BRDA:285,13,0,-
BRDA:285,13,1,-
DA:286,0
DA:287,0
DA:289,0
BRDA:289,14,0,-
BRDA:289,14,1,-
DA:290,0
DA:291,0
DA:293,0
BRDA:293,15,0,-
BRDA:293,15,1,-
DA:294,0
DA:295,0
DA:297,0
BRDA:297,16,0,-
BRDA:297,16,1,-
DA:298,0
DA:299,0
DA:301,0
BRDA:301,17,0,-
BRDA:301,17,1,-
DA:302,0
DA:303,0
DA:305,0
BRDA:305,18,0,-
BRDA:305,18,1,-
DA:306,0
DA:309,0
FN:316,Math.log2
FNDA:0,Math.log2
DA:318,0
DA:319,0
FN:327,Math.log10
FNDA:0,Math.log10
DA:328,0
DA:330,0
BRDA:330,19,0,-
BRDA:330,19,1,-
DA:331,0
DA:332,0
DA:334,0
BRDA:334,20,0,-
BRDA:334,20,1,-
DA:335,0
DA:336,0
DA:338,0
BRDA:338,21,0,-
BRDA:338,21,1,-
DA:339,0
DA:340,0
DA:342,0
BRDA:342,22,0,-
BRDA:342,22,1,-
DA:343,0
DA:344,0
DA:346,0
BRDA:346,23,0,-
BRDA:346,23,1,-
DA:347,0
DA:348,0
DA:350,0
BRDA:350,24,0,-
BRDA:350,24,1,-
DA:351,0
DA:352,0
DA:354,0
BRDA:354,25,0,-
BRDA:354,25,1,-
DA:355,0
DA:358,0
FN:365,Math.log10
FNDA:0,Math.log10
DA:367,0
DA:368,0
FN:378,Math.log256
FNDA:0,Math.log256
DA:379,0
DA:381,0
BRDA:381,26,0,-
BRDA:381,26,1,-
DA:382,0
DA:383,0
DA:385,0
BRDA:385,27,0,-
BRDA:385,27,1,-
DA:386,0
DA:387,0
DA:389,0
BRDA:389,28,0,-
BRDA:389,28,1,-
DA:390,0
DA:391,0
DA:393,0
BRDA:393,29,0,-
BRDA:393,29,1,-
DA:394,0
DA:395,0
DA:397,0
BRDA:397,30,0,-
BRDA:397,30,1,-
DA:398,0
DA:401,0
FN:408,Math.log256
FNDA:0,Math.log256
DA:410,0
DA:411,0
FN:418,Math.unsignedRoundsUp
FNDA:0,Math.unsignedRoundsUp
DA:419,0
FNF:20
FNH:0
LF:131
LH:0
BRF:62
BRH:0
end_of_record
TN:
SF:src/Mocks/SwapperMock.sol
FN:62,Swapper.readResponseAndSwap
FNDA:1,Swapper.readResponseAndSwap
DA:64,1
DA:69,1
DA:71,1
DA:72,1
DA:74,1
DA:76,2
DA:77,2
DA:80,1
DA:81,1
DA:82,1
DA:83,1
DA:84,1
FN:99,Swapper.swap
FNDA:0,Swapper.swap
DA:110,1
DA:111,1
DA:112,1
DA:113,1
DA:114,1
DA:115,1
DA:116,1
DA:117,1
DA:119,1
FN:141,Swapper.unpackBytes
FNDA:2,Swapper.unpackBytes
DA:142,3
BRDA:142,0,0,1
BRDA:142,0,1,2
DA:144,2
DA:145,2
DA:146,2
DA:147,2
DA:159,2
BRDA:159,1,0,-
BRDA:159,1,1,2
DA:164,2
BRDA:164,2,0,2
BRDA:164,2,1,2
DA:170,2
DA:171,2
DA:172,4
BRDA:172,3,0,4
BRDA:172,3,1,4
DA:173,4
DA:176,4
DA:179,2
DA:180,2
DA:181,4
DA:183,4
DA:186,2
FN:203,Swapper.ConcatCalldata
FNDA:1,Swapper.ConcatCalldata
DA:209,2
DA:210,2
DA:211,2
DA:212,2
DA:214,2
DA:215,6
BRDA:215,4,0,-
BRDA:215,4,1,6
DA:216,6
DA:217,6
DA:219,6
DA:220,2
DA:221,2
FN:238,Swapper.addressToBytes32
FNDA:259,Swapper.addressToBytes32
DA:239,267
FN:247,Swapper.uintToBytes32
FNDA:256,Swapper.uintToBytes32
DA:249,256
DA:251,256
DA:253,256
FN:261,Swapper.bytes32tobytes4
FNDA:256,Swapper.bytes32tobytes4
DA:262,256
FNF:7
FNH:6
LF:54
LH:54
BRF:10
BRH:8
end_of_record
TN:
SF:src/Mocks/UtilsMock.sol
FN:20,Utils.generateArgForRequest
FNDA:1,Utils.generateArgForRequest
DA:21,4
DA:22,4
DA:23,4
DA:24,4
DA:26,4
DA:27,4
DA:28,4
DA:29,4
DA:30,4
DA:31,4
FN:41,Utils.addressToString
FNDA:12,Utils.addressToString
DA:42,12
DA:44,12
DA:45,12
DA:46,12
DA:47,12
DA:48,240
DA:49,240
DA:51,12
FN:61,Utils.uintToString
FNDA:2,Utils.uintToString
DA:63,6
DA:64,6
DA:65,6
DA:68,6
DA:71,58
DA:76,58
DA:77,58
BRDA:77,0,0,-
BRDA:77,0,1,-
DA:79,6
FNF:3
FNH:3
LF:26
LH:26
BRF:2
BRH:0
end_of_record
TN:
SF:src/Swapper.sol
FN:62,Swapper.readResponseAndSwap
FNDA:0,Swapper.readResponseAndSwap
DA:64,0
DA:69,0
DA:71,0
DA:72,0
DA:74,0
DA:76,0
DA:77,0
DA:80,0
DA:81,0
DA:82,0
DA:83,0
DA:84,0
FN:99,Swapper.swap
FNDA:0,Swapper.swap
DA:110,0
DA:111,0
DA:112,0
DA:113,0
DA:114,0
DA:115,0
DA:116,0
DA:117,0
DA:119,0
FN:141,Swapper.unpackBytes
FNDA:0,Swapper.unpackBytes
DA:142,0
BRDA:142,0,0,-
BRDA:142,0,1,-
DA:144,0
DA:145,0
DA:146,0
DA:147,0
DA:159,0
BRDA:159,1,0,-
BRDA:159,1,1,-
DA:164,0
BRDA:164,2,0,-
BRDA:164,2,1,-
DA:170,0
DA:171,0
DA:172,0
BRDA:172,3,0,-
BRDA:172,3,1,-
DA:173,0
DA:176,0
DA:179,0
DA:180,0
DA:181,0
DA:183,0
DA:186,0
FN:203,Swapper.ConcatCalldata
FNDA:0,Swapper.ConcatCalldata
DA:209,0
DA:210,0
DA:211,0
DA:212,0
DA:214,0
DA:215,0
BRDA:215,4,0,-
BRDA:215,4,1,-
DA:216,0
DA:217,0
DA:219,0
DA:220,0
DA:221,0
FN:238,Swapper.addressToBytes32
FNDA:0,Swapper.addressToBytes32
DA:239,0
FN:247,Swapper.uintToBytes32
FNDA:0,Swapper.uintToBytes32
DA:249,0
DA:251,0
DA:253,0
FN:261,Swapper.bytes32tobytes4
FNDA:0,Swapper.bytes32tobytes4
DA:262,0
FNF:7
FNH:0
LF:54
LH:0
BRF:10
BRH:0
end_of_record
TN:
SF:src/Utils.sol
FN:20,Utils.generateArgForRequest
FNDA:0,Utils.generateArgForRequest
DA:21,0
DA:22,0
DA:23,0
DA:24,0
DA:26,0
DA:27,0
DA:28,0
DA:29,0
DA:30,0
DA:31,0
FN:41,Utils.addressToString
FNDA:0,Utils.addressToString
DA:42,0
DA:44,0
DA:45,0
DA:46,0
DA:47,0
DA:48,0
DA:49,0
DA:51,0
FN:61,Utils.uintToString
FNDA:0,Utils.uintToString
DA:63,0
DA:64,0
DA:65,0
DA:68,0
DA:71,0
DA:76,0
DA:77,0
BRDA:77,0,0,-
BRDA:77,0,1,-
DA:79,0
FNF:3
FNH:0
LF:26
LH:0
BRF:2
BRH:0
end_of_record
TN:
SF:src/mocks/DataConsumerV3.sol
FN:30,DataConsumerV3._mapAddresses
FNDA:0,DataConsumerV3._mapAddresses
DA:31,0
DA:32,0
BRDA:32,0,0,-
BRDA:32,0,1,-
DA:33,0
DA:34,0
DA:36,0
DA:40,0
FN:49,DataConsumerV3._batchQuery
FNDA:0,DataConsumerV3._batchQuery
DA:50,0
DA:51,0
DA:53,0
DA:54,0
DA:56,0
DA:59,0
FN:67,DataConsumerV3.reseizeDecimals
FNDA:0,DataConsumerV3.reseizeDecimals
DA:69,0
FN:75,DataConsumerV3.getChainlinkDataFeedLatestAnswer
FNDA:0,DataConsumerV3.getChainlinkDataFeedLatestAnswer
DA:76,0
FNF:4
FNH:0
LF:14
LH:0
BRF:2
BRH:0
end_of_record
TN:
SF:src/mocks/ERC20Mock.sol
FN:12,ERC.mint
FNDA:0,ERC.mint
DA:13,0
FNF:1
FNH:0
LF:1
LH:0
BRF:0
BRH:0
end_of_record
TN:
SF:src/mocks/FunctionsClientMock.sol
FN:30,FunctionsClient._sendRequest
FNDA:0,FunctionsClient._sendRequest
DA:36,0
DA:43,0
DA:44,0
FN:55,FunctionsClient.handleOracleFulfillment
FNDA:0,FunctionsClient.handleOracleFulfillment
DA:56,0
BRDA:56,0,0,-
BRDA:56,0,1,-
DA:57,0
DA:59,0
DA:60,0
FNF:2
FNH:0
LF:7
LH:0
BRF:2
BRH:0
end_of_record
TN:
SF:src/mocks/LighterFiMock.sol
FN:91,LighterFi.init
FNDA:0,LighterFi.init
DA:92,0
BRDA:92,0,0,-
BRDA:92,0,1,-
DA:93,0
DA:94,0
DA:95,0
DA:96,0
DA:97,0
DA:98,0
DA:99,0
FN:117,LighterFi.setUpkeepForwarders
FNDA:0,LighterFi.setUpkeepForwarders
DA:118,0
DA:119,0
FN:128,LighterFi.setPause
FNDA:0,LighterFi.setPause
DA:129,0
DA:130,0
FN:140,LighterFi.createStrategy
FNDA:0,LighterFi.createStrategy
DA:142,0
BRDA:142,1,0,-
BRDA:142,1,1,-
DA:143,0
BRDA:143,2,0,-
BRDA:143,2,1,-
DA:144,0
BRDA:144,3,0,-
BRDA:144,3,1,-
DA:145,0
BRDA:145,4,0,-
BRDA:145,4,1,-
DA:146,0
BRDA:146,5,0,-
BRDA:146,5,1,-
DA:147,0
BRDA:147,6,0,-
BRDA:147,6,1,-
DA:148,0
DA:149,0
BRDA:149,7,0,-
BRDA:149,7,1,-
DA:150,0
DA:154,0
DA:165,0
BRDA:165,8,0,-
BRDA:165,8,1,-
DA:167,0
DA:169,0
DA:172,0
DA:174,0
DA:177,0
FN:186,LighterFi.removeStrategy
FNDA:0,LighterFi.removeStrategy
DA:188,0
BRDA:188,9,0,-
BRDA:188,9,1,-
DA:190,0
DA:192,0
BRDA:192,10,0,-
BRDA:192,10,1,-
DA:194,0
DA:196,0
FN:207,LighterFi.upgradeStrategy
FNDA:0,LighterFi.upgradeStrategy
DA:209,0
BRDA:209,11,0,-
BRDA:209,11,1,-
DA:210,0
BRDA:210,12,0,-
BRDA:210,12,1,-
DA:211,0
BRDA:211,13,0,-
BRDA:211,13,1,-
DA:212,0
BRDA:212,14,0,-
BRDA:212,14,1,-
DA:213,0
BRDA:213,15,0,-
BRDA:213,15,1,-
DA:214,0
BRDA:214,16,0,-
BRDA:214,16,1,-
DA:219,0
BRDA:219,17,0,-
BRDA:219,17,1,-
DA:221,0
DA:223,0
BRDA:223,18,0,-
BRDA:223,18,1,-
DA:224,0
DA:225,0
BRDA:225,19,0,-
BRDA:225,19,1,-
DA:226,0
DA:230,0
DA:231,0
DA:232,0
BRDA:232,20,0,-
BRDA:232,20,1,-
DA:233,0
DA:234,0
DA:235,0
DA:238,0
FN:249,LighterFi.checkUpkeep
FNDA:0,LighterFi.checkUpkeep
DA:251,0
DA:252,0
DA:253,0
DA:254,0
DA:255,0
DA:256,0
DA:258,0
DA:260,0
BRDA:260,21,0,-
BRDA:260,21,1,-
DA:263,0
BRDA:263,22,0,-
BRDA:263,22,1,-
DA:264,0
DA:265,0
DA:266,0
DA:267,0
DA:268,0
DA:272,0
BRDA:272,23,0,-
BRDA:272,23,1,-
DA:275,0
DA:276,0
DA:277,0
DA:278,0
DA:279,0
DA:281,0
BRDA:281,24,0,-
BRDA:281,24,1,-
DA:282,0
FN:295,LighterFi.checkLog
FNDA:0,LighterFi.checkLog
DA:299,0
DA:300,0
FN:308,LighterFi.performUpkeep
FNDA:0,LighterFi.performUpkeep
DA:310,0
DA:311,0
BRDA:311,25,0,-
BRDA:311,25,1,-
DA:312,0
DA:314,0
DA:315,0
BRDA:315,26,0,-
BRDA:315,26,1,-
DA:316,0
DA:318,0
DA:321,0
DA:324,0
DA:325,0
DA:326,0
DA:329,0
BRDA:329,27,0,-
BRDA:329,27,1,-
DA:331,0
DA:333,0
DA:335,0
FN:343,LighterFi.sendRequest
FNDA:0,LighterFi.sendRequest
DA:344,0
DA:346,0
DA:348,0
DA:350,0
DA:352,0
DA:354,0
DA:355,0
DA:357,0
FN:366,LighterFi.fulfillRequest
FNDA:0,LighterFi.fulfillRequest
DA:373,0
DA:375,0
DA:377,0
FN:380,LighterFi.mapAddresses
FNDA:0,LighterFi.mapAddresses
DA:381,0
FNF:12
FNH:0
LF:103
LH:0
BRF:56
BRH:0
end_of_record
TN:
SF:src/mocks/Math.sol
FN:25,Math.tryAdd
FNDA:0,Math.tryAdd
DA:27,0
DA:28,0
BRDA:28,0,0,-
BRDA:28,0,1,-
DA:29,0
FN:36,Math.trySub
FNDA:0,Math.trySub
DA:38,0
BRDA:38,1,0,-
BRDA:38,1,1,-
DA:39,0
FN:46,Math.tryMul
FNDA:0,Math.tryMul
DA:51,0
BRDA:51,2,0,-
BRDA:51,2,1,-
DA:52,0
DA:53,0
BRDA:53,3,0,-
BRDA:53,3,1,-
DA:54,0
FN:61,Math.tryDiv
FNDA:0,Math.tryDiv
DA:63,0
BRDA:63,4,0,-
BRDA:63,4,1,-
DA:64,0
FN:71,Math.tryMod
FNDA:0,Math.tryMod
DA:73,0
BRDA:73,5,0,-
BRDA:73,5,1,-
DA:74,0
FN:81,Math.max
FNDA:0,Math.max
DA:82,0
FN:88,Math.min
FNDA:0,Math.min
DA:89,0
FN:96,Math.average
FNDA:0,Math.average
DA:98,0
FN:107,Math.ceilDiv
FNDA:0,Math.ceilDiv
DA:108,0
BRDA:108,6,0,-
BRDA:108,6,1,-
DA:110,0
DA:119,0
FN:129,Math.mulDiv
FNDA:0,Math.mulDiv
DA:134,0
DA:135,0
DA:138,0
DA:142,0
BRDA:142,7,0,-
BRDA:142,7,1,-
DA:146,0
DA:150,0
BRDA:150,8,0,-
BRDA:150,8,1,-
DA:151,0
DA:159,0
DA:162,0
DA:165,0
DA:166,0
DA:172,0
DA:175,0
DA:178,0
DA:181,0
DA:185,0
DA:190,0
DA:194,0
DA:195,0
DA:196,0
DA:197,0
DA:198,0
DA:199,0
DA:205,0
DA:206,0
FN:213,Math.mulDiv
FNDA:0,Math.mulDiv
DA:214,0
DA:215,0
BRDA:215,9,0,-
BRDA:215,9,1,-
DA:216,0
DA:218,0
FN:227,Math.sqrt
FNDA:0,Math.sqrt
DA:228,0
BRDA:228,10,0,-
BRDA:228,10,1,-
DA:229,0
DA:242,0
DA:249,0
DA:250,0
DA:251,0
DA:252,0
DA:253,0
DA:254,0
DA:255,0
DA:256,0
FN:263,Math.sqrt
FNDA:0,Math.sqrt
DA:265,0
DA:266,0
FN:274,Math.log2
FNDA:0,Math.log2
DA:275,0
DA:277,0
BRDA:277,11,0,-
BRDA:277,11,1,-
DA:278,0
DA:279,0
DA:281,0
BRDA:281,12,0,-
BRDA:281,12,1,-
DA:282,0
DA:283,0
DA:285,0
BRDA:285,13,0,-
BRDA:285,13,1,-
DA:286,0
DA:287,0
DA:289,0
BRDA:289,14,0,-
BRDA:289,14,1,-
DA:290,0
DA:291,0
DA:293,0
BRDA:293,15,0,-
BRDA:293,15,1,-
DA:294,0
DA:295,0
DA:297,0
BRDA:297,16,0,-
BRDA:297,16,1,-
DA:298,0
DA:299,0
DA:301,0
BRDA:301,17,0,-
BRDA:301,17,1,-
DA:302,0
DA:303,0
DA:305,0
BRDA:305,18,0,-
BRDA:305,18,1,-
DA:306,0
DA:309,0
FN:316,Math.log2
FNDA:0,Math.log2
DA:318,0
DA:319,0
FN:327,Math.log10
FNDA:0,Math.log10
DA:328,0
DA:330,0
BRDA:330,19,0,-
BRDA:330,19,1,-
DA:331,0
DA:332,0
DA:334,0
BRDA:334,20,0,-
BRDA:334,20,1,-
DA:335,0
DA:336,0
DA:338,0
BRDA:338,21,0,-
BRDA:338,21,1,-
DA:339,0
DA:340,0
DA:342,0
BRDA:342,22,0,-
BRDA:342,22,1,-
DA:343,0
DA:344,0
DA:346,0
BRDA:346,23,0,-
BRDA:346,23,1,-
DA:347,0
DA:348,0
DA:350,0
BRDA:350,24,0,-
BRDA:350,24,1,-
DA:351,0
DA:352,0
DA:354,0
BRDA:354,25,0,-
BRDA:354,25,1,-
DA:355,0
DA:358,0
FN:365,Math.log10
FNDA:0,Math.log10
DA:367,0
DA:368,0
FN:378,Math.log256
FNDA:0,Math.log256
DA:379,0
DA:381,0
BRDA:381,26,0,-
BRDA:381,26,1,-
DA:382,0
DA:383,0
DA:385,0
BRDA:385,27,0,-
BRDA:385,27,1,-
DA:386,0
DA:387,0
DA:389,0
BRDA:389,28,0,-
BRDA:389,28,1,-
DA:390,0
DA:391,0
DA:393,0
BRDA:393,29,0,-
BRDA:393,29,1,-
DA:394,0
DA:395,0
DA:397,0
BRDA:397,30,0,-
BRDA:397,30,1,-
DA:398,0
DA:401,0
FN:408,Math.log256
FNDA:0,Math.log256
DA:410,0
DA:411,0
FN:418,Math.unsignedRoundsUp
FNDA:0,Math.unsignedRoundsUp
DA:419,0
FNF:20
FNH:0
LF:131
LH:0
BRF:62
BRH:0
end_of_record
TN:
SF:src/mocks/SwapperMock.sol
FN:62,Swapper.readResponseAndSwap
FNDA:0,Swapper.readResponseAndSwap
DA:64,0
DA:69,0
DA:71,0
DA:72,0
DA:74,0
DA:76,0
DA:77,0
DA:80,0
DA:81,0
DA:82,0
DA:83,0
DA:84,0
FN:99,Swapper.swap
FNDA:0,Swapper.swap
DA:110,0
DA:111,0
DA:112,0
DA:113,0
DA:114,0
DA:115,0
DA:116,0
DA:117,0
DA:119,0
FN:141,Swapper.unpackBytes
FNDA:0,Swapper.unpackBytes
DA:142,0
BRDA:142,0,0,-
BRDA:142,0,1,-
DA:144,0
DA:145,0
DA:146,0
DA:147,0
DA:159,0
BRDA:159,1,0,-
BRDA:159,1,1,-
DA:164,0
BRDA:164,2,0,-
BRDA:164,2,1,-
DA:170,0
DA:171,0
DA:172,0
BRDA:172,3,0,-
BRDA:172,3,1,-
DA:173,0
DA:176,0
DA:179,0
DA:180,0
DA:181,0
DA:183,0
DA:186,0
FN:203,Swapper.ConcatCalldata
FNDA:0,Swapper.ConcatCalldata
DA:209,0
DA:210,0
DA:211,0
DA:212,0
DA:214,0
DA:215,0
BRDA:215,4,0,-
BRDA:215,4,1,-
DA:216,0
DA:217,0
DA:219,0
DA:220,0
DA:221,0
FN:238,Swapper.addressToBytes32
FNDA:0,Swapper.addressToBytes32
DA:239,0
FN:247,Swapper.uintToBytes32
FNDA:0,Swapper.uintToBytes32
DA:249,0
DA:251,0
DA:253,0
FN:261,Swapper.bytes32tobytes4
FNDA:0,Swapper.bytes32tobytes4
DA:262,0
FNF:7
FNH:0
LF:54
LH:0
BRF:10
BRH:0
end_of_record
TN:
SF:src/mocks/UtilsMock.sol
FN:20,Utils.generateArgForRequest
FNDA:0,Utils.generateArgForRequest
DA:21,0
DA:22,0
DA:23,0
DA:24,0
DA:26,0
DA:27,0
DA:28,0
DA:29,0
DA:30,0
DA:31,0
FN:41,Utils.addressToString
FNDA:0,Utils.addressToString
DA:42,0
DA:44,0
DA:45,0
DA:46,0
DA:47,0
DA:48,0
DA:49,0
DA:51,0
FN:61,Utils.uintToString
FNDA:0,Utils.uintToString
DA:63,0
DA:64,0
DA:65,0
DA:68,0
DA:71,0
DA:76,0
DA:77,0
BRDA:77,0,0,-
BRDA:77,0,1,-
DA:79,0
FNF:3
FNH:0
LF:26
LH:0
BRF:2
BRH:0
end_of_record
